<?xml version="1.0" encoding="UTF-8"?>
<testng-results ignored="0" total="13" passed="13" failed="0" skipped="0">
  <reporter-output>
  </reporter-output>
  <suite started-at="2019-12-07T11:50:16Z" name="Default suite" finished-at="2019-12-07T11:51:19Z" duration-ms="62725">
    <groups>
    </groups>
    <test started-at="2019-12-07T11:50:16Z" name="Default test" finished-at="2019-12-07T11:51:19Z" duration-ms="62725">
      <class name="com.qa.test.GetCall">
        <test-method signature="getWeatherInfo(java.lang.String)[pri:0, instance:com.qa.test.GetCall@691a7f8f]" started-at="2019-12-07T17:20:18Z" name="getWeatherInfo" data-provider="getData" finished-at="2019-12-07T17:20:29Z" duration-ms="11386" status="PASS">
          <params>
            <param index="0">
              <value>
                <![CDATA[Delhi]]>
              </value>
            </param>
          </params>
          <reporter-output>
          </reporter-output>
        </test-method> <!-- getWeatherInfo -->
        <test-method signature="getWeatherInfo(java.lang.String)[pri:0, instance:com.qa.test.GetCall@691a7f8f]" started-at="2019-12-07T17:20:29Z" name="getWeatherInfo" data-provider="getData" finished-at="2019-12-07T17:20:36Z" duration-ms="6676" status="PASS">
          <params>
            <param index="0">
              <value>
                <![CDATA[Bengaluru]]>
              </value>
            </param>
          </params>
          <reporter-output>
          </reporter-output>
        </test-method> <!-- getWeatherInfo -->
        <test-method signature="getWeatherInfo(java.lang.String)[pri:0, instance:com.qa.test.GetCall@691a7f8f]" started-at="2019-12-07T17:20:36Z" name="getWeatherInfo" data-provider="getData" finished-at="2019-12-07T17:20:39Z" duration-ms="2858" status="PASS">
          <params>
            <param index="0">
              <value>
                <![CDATA[Mumbai]]>
              </value>
            </param>
          </params>
          <reporter-output>
          </reporter-output>
        </test-method> <!-- getWeatherInfo -->
        <test-method signature="getWeatherInfo(java.lang.String)[pri:0, instance:com.qa.test.GetCall@691a7f8f]" started-at="2019-12-07T17:20:39Z" name="getWeatherInfo" data-provider="getData" finished-at="2019-12-07T17:20:46Z" duration-ms="7134" status="PASS">
          <params>
            <param index="0">
              <value>
                <![CDATA[Pune]]>
              </value>
            </param>
          </params>
          <reporter-output>
          </reporter-output>
        </test-method> <!-- getWeatherInfo -->
        <test-method signature="getWeatherInfo(java.lang.String)[pri:0, instance:com.qa.test.GetCall@691a7f8f]" started-at="2019-12-07T17:20:46Z" name="getWeatherInfo" data-provider="getData" finished-at="2019-12-07T17:20:51Z" duration-ms="4799" status="PASS">
          <params>
            <param index="0">
              <value>
                <![CDATA[London]]>
              </value>
            </param>
          </params>
          <reporter-output>
          </reporter-output>
        </test-method> <!-- getWeatherInfo -->
        <test-method signature="getWeatherInfo(java.lang.String)[pri:0, instance:com.qa.test.GetCall@691a7f8f]" started-at="2019-12-07T17:20:51Z" name="getWeatherInfo" data-provider="getData" finished-at="2019-12-07T17:20:52Z" duration-ms="1105" status="PASS">
          <params>
            <param index="0">
              <value>
                <![CDATA[Chennai]]>
              </value>
            </param>
          </params>
          <reporter-output>
          </reporter-output>
        </test-method> <!-- getWeatherInfo -->
        <test-method signature="getWeatherInfo(java.lang.String)[pri:0, instance:com.qa.test.GetCall@691a7f8f]" started-at="2019-12-07T17:20:52Z" name="getWeatherInfo" data-provider="getData" finished-at="2019-12-07T17:20:52Z" duration-ms="652" status="PASS">
          <params>
            <param index="0">
              <value>
                <![CDATA[Seoul]]>
              </value>
            </param>
          </params>
          <reporter-output>
          </reporter-output>
        </test-method> <!-- getWeatherInfo -->
        <test-method signature="getWeatherInfo(java.lang.String)[pri:0, instance:com.qa.test.GetCall@691a7f8f]" started-at="2019-12-07T17:20:52Z" name="getWeatherInfo" data-provider="getData" finished-at="2019-12-07T17:20:53Z" duration-ms="650" status="PASS">
          <params>
            <param index="0">
              <value>
                <![CDATA[Washington]]>
              </value>
            </param>
          </params>
          <reporter-output>
          </reporter-output>
        </test-method> <!-- getWeatherInfo -->
        <test-method signature="getWeatherInfo(java.lang.String)[pri:0, instance:com.qa.test.GetCall@691a7f8f]" started-at="2019-12-07T17:20:53Z" name="getWeatherInfo" data-provider="getData" finished-at="2019-12-07T17:20:55Z" duration-ms="2420" status="PASS">
          <params>
            <param index="0">
              <value>
                <![CDATA[Tokyo]]>
              </value>
            </param>
          </params>
          <reporter-output>
          </reporter-output>
        </test-method> <!-- getWeatherInfo -->
        <test-method signature="getWeatherInfo(java.lang.String)[pri:0, instance:com.qa.test.GetCall@691a7f8f]" started-at="2019-12-07T17:20:55Z" name="getWeatherInfo" data-provider="getData" finished-at="2019-12-07T17:20:56Z" duration-ms="675" status="PASS">
          <params>
            <param index="0">
              <value>
                <![CDATA[Colombo]]>
              </value>
            </param>
          </params>
          <reporter-output>
          </reporter-output>
        </test-method> <!-- getWeatherInfo -->
        <test-method signature="getWeatherInfo(java.lang.String)[pri:0, instance:com.qa.test.GetCall@691a7f8f]" started-at="2019-12-07T17:20:56Z" name="getWeatherInfo" data-provider="getData" finished-at="2019-12-07T17:21:10Z" duration-ms="14152" status="PASS">
          <params>
            <param index="0">
              <value>
                <![CDATA[Dhaka]]>
              </value>
            </param>
          </params>
          <reporter-output>
          </reporter-output>
        </test-method> <!-- getWeatherInfo -->
        <test-method signature="getWeatherInfo(java.lang.String)[pri:0, instance:com.qa.test.GetCall@691a7f8f]" started-at="2019-12-07T17:21:10Z" name="getWeatherInfo" data-provider="getData" finished-at="2019-12-07T17:21:11Z" duration-ms="676" status="PASS">
          <params>
            <param index="0">
              <value>
                <![CDATA[Manchester]]>
              </value>
            </param>
          </params>
          <reporter-output>
          </reporter-output>
        </test-method> <!-- getWeatherInfo -->
        <test-method signature="getWeatherInfo(java.lang.String)[pri:0, instance:com.qa.test.GetCall@691a7f8f]" started-at="2019-12-07T17:21:11Z" name="getWeatherInfo" data-provider="getData" finished-at="2019-12-07T17:21:19Z" duration-ms="7856" status="PASS">
          <params>
            <param index="0">
              <value>
                <![CDATA[Leeds]]>
              </value>
            </param>
          </params>
          <reporter-output>
          </reporter-output>
        </test-method> <!-- getWeatherInfo -->
      </class> <!-- com.qa.test.GetCall -->
    </test> <!-- Default test -->
  </suite> <!-- Default suite -->
</testng-results>
