<?xml version="1.0" encoding="UTF-8"?>
<testng-results ignored="0" total="13" passed="13" failed="0" skipped="0">
  <reporter-output>
  </reporter-output>
  <suite started-at="2019-11-30T14:26:35Z" name="Default suite" finished-at="2019-11-30T14:26:46Z" duration-ms="10906">
    <groups>
    </groups>
    <test started-at="2019-11-30T14:26:35Z" name="Default test" finished-at="2019-11-30T14:26:46Z" duration-ms="10906">
      <class name="com.qa.test.GetCall">
        <test-method signature="getWeatherInfo(java.lang.String)[pri:0, instance:com.qa.test.GetCall@691a7f8f]" started-at="2019-11-30T19:56:35Z" name="getWeatherInfo" data-provider="getData" finished-at="2019-11-30T19:56:37Z" duration-ms="2080" status="PASS">
          <params>
            <param index="0">
              <value>
                <![CDATA[Delhi]]>
              </value>
            </param>
          </params>
          <reporter-output>
          </reporter-output>
        </test-method> <!-- getWeatherInfo -->
        <test-method signature="getWeatherInfo(java.lang.String)[pri:0, instance:com.qa.test.GetCall@691a7f8f]" started-at="2019-11-30T19:56:37Z" name="getWeatherInfo" data-provider="getData" finished-at="2019-11-30T19:56:38Z" duration-ms="624" status="PASS">
          <params>
            <param index="0">
              <value>
                <![CDATA[Bengaluru]]>
              </value>
            </param>
          </params>
          <reporter-output>
          </reporter-output>
        </test-method> <!-- getWeatherInfo -->
        <test-method signature="getWeatherInfo(java.lang.String)[pri:0, instance:com.qa.test.GetCall@691a7f8f]" started-at="2019-11-30T19:56:38Z" name="getWeatherInfo" data-provider="getData" finished-at="2019-11-30T19:56:39Z" duration-ms="672" status="PASS">
          <params>
            <param index="0">
              <value>
                <![CDATA[Mumbai]]>
              </value>
            </param>
          </params>
          <reporter-output>
          </reporter-output>
        </test-method> <!-- getWeatherInfo -->
        <test-method signature="getWeatherInfo(java.lang.String)[pri:0, instance:com.qa.test.GetCall@691a7f8f]" started-at="2019-11-30T19:56:39Z" name="getWeatherInfo" data-provider="getData" finished-at="2019-11-30T19:56:39Z" duration-ms="717" status="PASS">
          <params>
            <param index="0">
              <value>
                <![CDATA[Pune]]>
              </value>
            </param>
          </params>
          <reporter-output>
          </reporter-output>
        </test-method> <!-- getWeatherInfo -->
        <test-method signature="getWeatherInfo(java.lang.String)[pri:0, instance:com.qa.test.GetCall@691a7f8f]" started-at="2019-11-30T19:56:39Z" name="getWeatherInfo" data-provider="getData" finished-at="2019-11-30T19:56:40Z" duration-ms="628" status="PASS">
          <params>
            <param index="0">
              <value>
                <![CDATA[London]]>
              </value>
            </param>
          </params>
          <reporter-output>
          </reporter-output>
        </test-method> <!-- getWeatherInfo -->
        <test-method signature="getWeatherInfo(java.lang.String)[pri:0, instance:com.qa.test.GetCall@691a7f8f]" started-at="2019-11-30T19:56:40Z" name="getWeatherInfo" data-provider="getData" finished-at="2019-11-30T19:56:41Z" duration-ms="1320" status="PASS">
          <params>
            <param index="0">
              <value>
                <![CDATA[Chennai]]>
              </value>
            </param>
          </params>
          <reporter-output>
          </reporter-output>
        </test-method> <!-- getWeatherInfo -->
        <test-method signature="getWeatherInfo(java.lang.String)[pri:0, instance:com.qa.test.GetCall@691a7f8f]" started-at="2019-11-30T19:56:41Z" name="getWeatherInfo" data-provider="getData" finished-at="2019-11-30T19:56:42Z" duration-ms="615" status="PASS">
          <params>
            <param index="0">
              <value>
                <![CDATA[Seoul]]>
              </value>
            </param>
          </params>
          <reporter-output>
          </reporter-output>
        </test-method> <!-- getWeatherInfo -->
        <test-method signature="getWeatherInfo(java.lang.String)[pri:0, instance:com.qa.test.GetCall@691a7f8f]" started-at="2019-11-30T19:56:42Z" name="getWeatherInfo" data-provider="getData" finished-at="2019-11-30T19:56:42Z" duration-ms="625" status="PASS">
          <params>
            <param index="0">
              <value>
                <![CDATA[Washington]]>
              </value>
            </param>
          </params>
          <reporter-output>
          </reporter-output>
        </test-method> <!-- getWeatherInfo -->
        <test-method signature="getWeatherInfo(java.lang.String)[pri:0, instance:com.qa.test.GetCall@691a7f8f]" started-at="2019-11-30T19:56:42Z" name="getWeatherInfo" data-provider="getData" finished-at="2019-11-30T19:56:43Z" duration-ms="604" status="PASS">
          <params>
            <param index="0">
              <value>
                <![CDATA[Tokyo]]>
              </value>
            </param>
          </params>
          <reporter-output>
          </reporter-output>
        </test-method> <!-- getWeatherInfo -->
        <test-method signature="getWeatherInfo(java.lang.String)[pri:0, instance:com.qa.test.GetCall@691a7f8f]" started-at="2019-11-30T19:56:43Z" name="getWeatherInfo" data-provider="getData" finished-at="2019-11-30T19:56:44Z" duration-ms="604" status="PASS">
          <params>
            <param index="0">
              <value>
                <![CDATA[Colombo]]>
              </value>
            </param>
          </params>
          <reporter-output>
          </reporter-output>
        </test-method> <!-- getWeatherInfo -->
        <test-method signature="getWeatherInfo(java.lang.String)[pri:0, instance:com.qa.test.GetCall@691a7f8f]" started-at="2019-11-30T19:56:44Z" name="getWeatherInfo" data-provider="getData" finished-at="2019-11-30T19:56:44Z" duration-ms="615" status="PASS">
          <params>
            <param index="0">
              <value>
                <![CDATA[Dhaka]]>
              </value>
            </param>
          </params>
          <reporter-output>
          </reporter-output>
        </test-method> <!-- getWeatherInfo -->
        <test-method signature="getWeatherInfo(java.lang.String)[pri:0, instance:com.qa.test.GetCall@691a7f8f]" started-at="2019-11-30T19:56:44Z" name="getWeatherInfo" data-provider="getData" finished-at="2019-11-30T19:56:45Z" duration-ms="622" status="PASS">
          <params>
            <param index="0">
              <value>
                <![CDATA[Manchester]]>
              </value>
            </param>
          </params>
          <reporter-output>
          </reporter-output>
        </test-method> <!-- getWeatherInfo -->
        <test-method signature="getWeatherInfo(java.lang.String)[pri:0, instance:com.qa.test.GetCall@691a7f8f]" started-at="2019-11-30T19:56:45Z" name="getWeatherInfo" data-provider="getData" finished-at="2019-11-30T19:56:46Z" duration-ms="587" status="PASS">
          <params>
            <param index="0">
              <value>
                <![CDATA[Leeds]]>
              </value>
            </param>
          </params>
          <reporter-output>
          </reporter-output>
        </test-method> <!-- getWeatherInfo -->
      </class> <!-- com.qa.test.GetCall -->
    </test> <!-- Default test -->
  </suite> <!-- Default suite -->
</testng-results>
