<?xml version="1.0" encoding="UTF-8"?>
<!-- Generated by org.testng.reporters.JUnitReportReporter -->
<testsuite hostname="WKWIN5154091" failures="0" tests="13" name="com.qa.test.GetCall" time="10.313" errors="0" timestamp="30 Nov 2019 14:26:46 GMT" skipped="0">
  <testcase classname="com.qa.test.GetCall" name="getWeatherInfo" time="0.628"/>
  <testcase classname="com.qa.test.GetCall" name="getWeatherInfo" time="1.320"/>
  <testcase classname="com.qa.test.GetCall" name="getWeatherInfo" time="0.615"/>
  <testcase classname="com.qa.test.GetCall" name="getWeatherInfo" time="0.615"/>
  <testcase classname="com.qa.test.GetCall" name="getWeatherInfo" time="0.625"/>
  <testcase classname="com.qa.test.GetCall" name="getWeatherInfo" time="0.604"/>
  <testcase classname="com.qa.test.GetCall" name="getWeatherInfo" time="2.080"/>
  <testcase classname="com.qa.test.GetCall" name="getWeatherInfo" time="0.717"/>
  <testcase classname="com.qa.test.GetCall" name="getWeatherInfo" time="0.622"/>
  <testcase classname="com.qa.test.GetCall" name="getWeatherInfo" time="0.624"/>
  <testcase classname="com.qa.test.GetCall" name="getWeatherInfo" time="0.672"/>
  <testcase classname="com.qa.test.GetCall" name="getWeatherInfo" time="0.604"/>
  <testcase classname="com.qa.test.GetCall" name="getWeatherInfo" time="0.587"/>
</testsuite> <!-- com.qa.test.GetCall -->
