<?xml version="1.0" encoding="UTF-8"?>
<!-- Generated by org.testng.reporters.JUnitReportReporter -->
<testsuite hostname="WKWIN5154091" failures="0" tests="13" name="com.qa.test.GetCall" time="61.039" errors="0" timestamp="07 Dec 2019 11:51:19 GMT" skipped="0">
  <testcase classname="com.qa.test.GetCall" name="getWeatherInfo" time="2.420"/>
  <testcase classname="com.qa.test.GetCall" name="getWeatherInfo" time="7.856"/>
  <testcase classname="com.qa.test.GetCall" name="getWeatherInfo" time="2.858"/>
  <testcase classname="com.qa.test.GetCall" name="getWeatherInfo" time="6.676"/>
  <testcase classname="com.qa.test.GetCall" name="getWeatherInfo" time="0.675"/>
  <testcase classname="com.qa.test.GetCall" name="getWeatherInfo" time="0.676"/>
  <testcase classname="com.qa.test.GetCall" name="getWeatherInfo" time="0.652"/>
  <testcase classname="com.qa.test.GetCall" name="getWeatherInfo" time="7.134"/>
  <testcase classname="com.qa.test.GetCall" name="getWeatherInfo" time="1.105"/>
  <testcase classname="com.qa.test.GetCall" name="getWeatherInfo" time="11.386"/>
  <testcase classname="com.qa.test.GetCall" name="getWeatherInfo" time="4.799"/>
  <testcase classname="com.qa.test.GetCall" name="getWeatherInfo" time="0.650"/>
  <testcase classname="com.qa.test.GetCall" name="getWeatherInfo" time="14.152"/>
</testsuite> <!-- com.qa.test.GetCall -->
